Info: Starting: Create block symbol file (.bsf)
Info: qsys-generate D:\mine\UIUC\ECE385\Lab9\nios_system.qsys --block-symbol-file --output-directory=D:\mine\UIUC\ECE385\Lab9\nios_system --family="Cyclone IV E" --part=EP4CE115F29C7
Progress: Loading Lab9/nios_system.qsys
Progress: Reading input file
Progress: Adding AES_Decyption_Core_0 [AES_Decyption_Core 1.0]
Progress: Parameterizing module AES_Decyption_Core_0
Progress: Adding clk_0 [clock_source 18.0]
Progress: Parameterizing module clk_0
Progress: Adding jtag_uart_0 [altera_avalon_jtag_uart 18.0]
Progress: Parameterizing module jtag_uart_0
Progress: Adding nios2_gen2_0 [altera_nios2_gen2 18.0]
Progress: Parameterizing module nios2_gen2_0
Progress: Adding onchip_memory2_0 [altera_avalon_onchip_memory2 18.0]
Progress: Parameterizing module onchip_memory2_0
Progress: Adding sdram [altera_avalon_new_sdram_controller 18.0]
Progress: Parameterizing module sdram
Progress: Adding sdram_pll [altpll 18.0]
Progress: Parameterizing module sdram_pll
Progress: Adding sysid_qsys_0 [altera_avalon_sysid_qsys 18.0]
Progress: Parameterizing module sysid_qsys_0
Progress: Building connections
Progress: Parameterizing connections
Progress: Validating
Progress: Done reading input file
Warning: nios_system.AES_Decyption_Core: The SIM_VERILOG fileset must specify the top-level module name.
Info: nios_system.jtag_uart_0: JTAG UART IP input clock need to be at least double (2x) the operating frequency of JTAG TCK on board
Info: nios_system.sdram: SDRAM Controller will only be supported in Quartus Prime Standard Edition in the future release.
Info: nios_system.sysid_qsys_0: System ID is not assigned automatically. Edit the System ID parameter to provide a unique ID
Info: nios_system.sysid_qsys_0: Time stamp will be automatically updated when this component is generated.
Info: qsys-generate succeeded.
Info: Finished: Create block symbol file (.bsf)
Info: 
Info: Starting: Create HDL design files for synthesis
Info: qsys-generate D:\mine\UIUC\ECE385\Lab9\nios_system.qsys --synthesis=VERILOG --output-directory=D:\mine\UIUC\ECE385\Lab9\nios_system\synthesis --family="Cyclone IV E" --part=EP4CE115F29C7
Progress: Loading Lab9/nios_system.qsys
Progress: Reading input file
Progress: Adding AES_Decyption_Core_0 [AES_Decyption_Core 1.0]
Progress: Parameterizing module AES_Decyption_Core_0
Progress: Adding clk_0 [clock_source 18.0]
Progress: Parameterizing module clk_0
Progress: Adding jtag_uart_0 [altera_avalon_jtag_uart 18.0]
Progress: Parameterizing module jtag_uart_0
Progress: Adding nios2_gen2_0 [altera_nios2_gen2 18.0]
Progress: Parameterizing module nios2_gen2_0
Progress: Adding onchip_memory2_0 [altera_avalon_onchip_memory2 18.0]
Progress: Parameterizing module onchip_memory2_0
Progress: Adding sdram [altera_avalon_new_sdram_controller 18.0]
Progress: Parameterizing module sdram
Progress: Adding sdram_pll [altpll 18.0]
Progress: Parameterizing module sdram_pll
Progress: Adding sysid_qsys_0 [altera_avalon_sysid_qsys 18.0]
Progress: Parameterizing module sysid_qsys_0
Progress: Building connections
Progress: Parameterizing connections
Progress: Validating
Progress: Done reading input file
Warning: nios_system.AES_Decyption_Core: The SIM_VERILOG fileset must specify the top-level module name.
Info: nios_system.jtag_uart_0: JTAG UART IP input clock need to be at least double (2x) the operating frequency of JTAG TCK on board
Info: nios_system.sdram: SDRAM Controller will only be supported in Quartus Prime Standard Edition in the future release.
Info: nios_system.sysid_qsys_0: System ID is not assigned automatically. Edit the System ID parameter to provide a unique ID
Info: nios_system.sysid_qsys_0: Time stamp will be automatically updated when this component is generated.
Info: nios_system: Generating nios_system "nios_system" for QUARTUS_SYNTH
Info: Inserting clock-crossing logic between cmd_demux.src6 and cmd_mux_006.sink0
Info: Inserting clock-crossing logic between cmd_demux_001.src4 and cmd_mux_006.sink1
Info: Inserting clock-crossing logic between rsp_demux_006.src0 and rsp_mux.sink6
Info: Inserting clock-crossing logic between rsp_demux_006.src1 and rsp_mux_001.sink4
Info: AES_Decyption_Core_0: "nios_system" instantiated AES_Decyption_Core "AES_Decyption_Core_0"
Info: jtag_uart_0: Starting RTL generation for module 'nios_system_jtag_uart_0'
Info: jtag_uart_0:   Generation command is [exec C:/intelfpga_lite/18.0/quartus/bin64/perl/bin/perl.exe -I C:/intelfpga_lite/18.0/quartus/bin64/perl/lib -I C:/intelfpga_lite/18.0/quartus/sopc_builder/bin/europa -I C:/intelfpga_lite/18.0/quartus/sopc_builder/bin/perl_lib -I C:/intelfpga_lite/18.0/quartus/sopc_builder/bin -I C:/intelfpga_lite/18.0/quartus/../ip/altera/sopc_builder_ip/common -I C:/intelfpga_lite/18.0/quartus/../ip/altera/sopc_builder_ip/altera_avalon_jtag_uart -- C:/intelfpga_lite/18.0/quartus/../ip/altera/sopc_builder_ip/altera_avalon_jtag_uart/generate_rtl.pl --name=nios_system_jtag_uart_0 --dir=C:/Users/Clark/AppData/Local/Temp/alt7983_635481732441330268.dir/0003_jtag_uart_0_gen/ --quartus_dir=C:/intelfpga_lite/18.0/quartus --verilog --config=C:/Users/Clark/AppData/Local/Temp/alt7983_635481732441330268.dir/0003_jtag_uart_0_gen//nios_system_jtag_uart_0_component_configuration.pl  --do_build_sim=0  ]
Info: jtag_uart_0: Done RTL generation for module 'nios_system_jtag_uart_0'
Info: jtag_uart_0: "nios_system" instantiated altera_avalon_jtag_uart "jtag_uart_0"
Info: nios2_gen2_0: "nios_system" instantiated altera_nios2_gen2 "nios2_gen2_0"
Info: onchip_memory2_0: Starting RTL generation for module 'nios_system_onchip_memory2_0'
Info: onchip_memory2_0:   Generation command is [exec C:/intelfpga_lite/18.0/quartus/bin64/perl/bin/perl.exe -I C:/intelfpga_lite/18.0/quartus/bin64/perl/lib -I C:/intelfpga_lite/18.0/quartus/sopc_builder/bin/europa -I C:/intelfpga_lite/18.0/quartus/sopc_builder/bin/perl_lib -I C:/intelfpga_lite/18.0/quartus/sopc_builder/bin -I C:/intelfpga_lite/18.0/quartus/../ip/altera/sopc_builder_ip/common -I C:/intelfpga_lite/18.0/quartus/../ip/altera/sopc_builder_ip/altera_avalon_onchip_memory2 -- C:/intelfpga_lite/18.0/quartus/../ip/altera/sopc_builder_ip/altera_avalon_onchip_memory2/generate_rtl.pl --name=nios_system_onchip_memory2_0 --dir=C:/Users/Clark/AppData/Local/Temp/alt7983_635481732441330268.dir/0004_onchip_memory2_0_gen/ --quartus_dir=C:/intelfpga_lite/18.0/quartus --verilog --config=C:/Users/Clark/AppData/Local/Temp/alt7983_635481732441330268.dir/0004_onchip_memory2_0_gen//nios_system_onchip_memory2_0_component_configuration.pl  --do_build_sim=0  ]
Info: onchip_memory2_0: Done RTL generation for module 'nios_system_onchip_memory2_0'
Info: onchip_memory2_0: "nios_system" instantiated altera_avalon_onchip_memory2 "onchip_memory2_0"
Info: sdram: Starting RTL generation for module 'nios_system_sdram'
Info: sdram:   Generation command is [exec C:/intelfpga_lite/18.0/quartus/bin64/perl/bin/perl.exe -I C:/intelfpga_lite/18.0/quartus/bin64/perl/lib -I C:/intelfpga_lite/18.0/quartus/sopc_builder/bin/europa -I C:/intelfpga_lite/18.0/quartus/sopc_builder/bin/perl_lib -I C:/intelfpga_lite/18.0/quartus/sopc_builder/bin -I C:/intelfpga_lite/18.0/quartus/../ip/altera/sopc_builder_ip/common -I C:/intelfpga_lite/18.0/quartus/../ip/altera/sopc_builder_ip/altera_avalon_new_sdram_controller -- C:/intelfpga_lite/18.0/quartus/../ip/altera/sopc_builder_ip/altera_avalon_new_sdram_controller/generate_rtl.pl --name=nios_system_sdram --dir=C:/Users/Clark/AppData/Local/Temp/alt7983_635481732441330268.dir/0005_sdram_gen/ --quartus_dir=C:/intelfpga_lite/18.0/quartus --verilog --config=C:/Users/Clark/AppData/Local/Temp/alt7983_635481732441330268.dir/0005_sdram_gen//nios_system_sdram_component_configuration.pl  --do_build_sim=0  ]
Info: sdram: Done RTL generation for module 'nios_system_sdram'
Info: sdram: "nios_system" instantiated altera_avalon_new_sdram_controller "sdram"
Info: sdram_pll: "nios_system" instantiated altpll "sdram_pll"
Info: sysid_qsys_0: "nios_system" instantiated altera_avalon_sysid_qsys "sysid_qsys_0"
Info: avalon_st_adapter: Inserting error_adapter: error_adapter_0
Info: avalon_st_adapter_001: Inserting error_adapter: error_adapter_0
Info: avalon_st_adapter_002: Inserting error_adapter: error_adapter_0
Info: avalon_st_adapter_003: Inserting error_adapter: error_adapter_0
Info: avalon_st_adapter_004: Inserting error_adapter: error_adapter_0
Info: avalon_st_adapter_005: Inserting error_adapter: error_adapter_0
Info: avalon_st_adapter_006: Inserting error_adapter: error_adapter_0
Info: mm_interconnect_0: "nios_system" instantiated altera_mm_interconnect "mm_interconnect_0"
Info: irq_mapper: "nios_system" instantiated altera_irq_mapper "irq_mapper"
Info: rst_controller: "nios_system" instantiated altera_reset_controller "rst_controller"
Info: cpu: Starting RTL generation for module 'nios_system_nios2_gen2_0_cpu'
Info: cpu:   Generation command is [exec C:/intelFPGA_lite/18.0/quartus/bin64//eperlcmd.exe -I C:/intelFPGA_lite/18.0/quartus/bin64//perl/lib -I C:/intelfpga_lite/18.0/quartus/sopc_builder/bin/europa -I C:/intelfpga_lite/18.0/quartus/sopc_builder/bin/perl_lib -I C:/intelfpga_lite/18.0/quartus/sopc_builder/bin -I C:/intelfpga_lite/18.0/quartus/../ip/altera/nios2_ip/altera_nios2_gen2/cpu_lib -I C:/intelfpga_lite/18.0/quartus/../ip/altera/nios2_ip/altera_nios2_gen2/nios_lib -I C:/intelfpga_lite/18.0/quartus/../ip/altera/nios2_ip/altera_nios2_gen2 -I C:/intelfpga_lite/18.0/quartus/../ip/altera/nios2_ip/altera_nios2_gen2 -- C:/intelfpga_lite/18.0/quartus/../ip/altera/nios2_ip/altera_nios2_gen2/generate_rtl.epl --name=nios_system_nios2_gen2_0_cpu --dir=C:/Users/Clark/AppData/Local/Temp/alt7983_635481732441330268.dir/0011_cpu_gen/ --quartus_bindir=C:/intelFPGA_lite/18.0/quartus/bin64/ --verilog --config=C:/Users/Clark/AppData/Local/Temp/alt7983_635481732441330268.dir/0011_cpu_gen//nios_system_nios2_gen2_0_cpu_processor_configuration.pl  --do_build_sim=0  ]
Info: cpu: # 2019.03.28 03:48:32 (*) Starting Nios II generation
Info: cpu: # 2019.03.28 03:48:32 (*)   Checking for plaintext license.
Info: cpu: # 2019.03.28 03:48:34 (*)   Couldn't query license setup in Quartus directory C:/intelFPGA_lite/18.0/quartus/bin64/
Info: cpu: # 2019.03.28 03:48:34 (*)   Defaulting to contents of LM_LICENSE_FILE environment variable
Info: cpu: # 2019.03.28 03:48:34 (*)   LM_LICENSE_FILE environment variable is empty
Info: cpu: # 2019.03.28 03:48:34 (*)   Plaintext license not found.
Info: cpu: # 2019.03.28 03:48:34 (*)   No license required to generate encrypted Nios II/e.
Info: cpu: # 2019.03.28 03:48:34 (*)   Elaborating CPU configuration settings
Info: cpu: # 2019.03.28 03:48:34 (*)   Creating all objects for CPU
Info: cpu: # 2019.03.28 03:48:35 (*)   Generating RTL from CPU objects
Info: cpu: # 2019.03.28 03:48:35 (*)   Creating plain-text RTL
Info: cpu: # 2019.03.28 03:48:36 (*) Done Nios II generation
Info: cpu: Done RTL generation for module 'nios_system_nios2_gen2_0_cpu'
Info: cpu: "nios2_gen2_0" instantiated altera_nios2_gen2_unit "cpu"
Info: nios2_gen2_0_data_master_translator: "mm_interconnect_0" instantiated altera_merlin_master_translator "nios2_gen2_0_data_master_translator"
Info: AES_Decyption_Core_0_AES_Slave_translator: "mm_interconnect_0" instantiated altera_merlin_slave_translator "AES_Decyption_Core_0_AES_Slave_translator"
Info: nios2_gen2_0_data_master_agent: "mm_interconnect_0" instantiated altera_merlin_master_agent "nios2_gen2_0_data_master_agent"
Info: AES_Decyption_Core_0_AES_Slave_agent: "mm_interconnect_0" instantiated altera_merlin_slave_agent "AES_Decyption_Core_0_AES_Slave_agent"
Info: AES_Decyption_Core_0_AES_Slave_agent_rsp_fifo: "mm_interconnect_0" instantiated altera_avalon_sc_fifo "AES_Decyption_Core_0_AES_Slave_agent_rsp_fifo"
Info: router: "mm_interconnect_0" instantiated altera_merlin_router "router"
Info: router_001: "mm_interconnect_0" instantiated altera_merlin_router "router_001"
Info: router_002: "mm_interconnect_0" instantiated altera_merlin_router "router_002"
Info: router_004: "mm_interconnect_0" instantiated altera_merlin_router "router_004"
Info: cmd_demux: "mm_interconnect_0" instantiated altera_merlin_demultiplexer "cmd_demux"
Info: cmd_demux_001: "mm_interconnect_0" instantiated altera_merlin_demultiplexer "cmd_demux_001"
Info: cmd_mux: "mm_interconnect_0" instantiated altera_merlin_multiplexer "cmd_mux"
Info: cmd_mux_002: "mm_interconnect_0" instantiated altera_merlin_multiplexer "cmd_mux_002"
Info: Reusing file D:/mine/UIUC/ECE385/Lab9/nios_system/synthesis/submodules/altera_merlin_arbitrator.sv
Info: rsp_demux: "mm_interconnect_0" instantiated altera_merlin_demultiplexer "rsp_demux"
Info: rsp_demux_002: "mm_interconnect_0" instantiated altera_merlin_demultiplexer "rsp_demux_002"
Info: rsp_mux: "mm_interconnect_0" instantiated altera_merlin_multiplexer "rsp_mux"
Info: Reusing file D:/mine/UIUC/ECE385/Lab9/nios_system/synthesis/submodules/altera_merlin_arbitrator.sv
Info: rsp_mux_001: "mm_interconnect_0" instantiated altera_merlin_multiplexer "rsp_mux_001"
Info: Reusing file D:/mine/UIUC/ECE385/Lab9/nios_system/synthesis/submodules/altera_merlin_arbitrator.sv
Info: crosser: "mm_interconnect_0" instantiated altera_avalon_st_handshake_clock_crosser "crosser"
Info: avalon_st_adapter: "mm_interconnect_0" instantiated altera_avalon_st_adapter "avalon_st_adapter"
Info: error_adapter_0: "avalon_st_adapter" instantiated error_adapter "error_adapter_0"
Info: nios_system: Done "nios_system" with 32 modules, 49 files
Info: qsys-generate succeeded.
Info: Finished: Create HDL design files for synthesis
